This file contains any messages produced by compilers while
running configure, to aid debugging if configure makes a mistake.

It was created by normalize configure 0.7.7, which was
generated by GNU Autoconf 2.59.  Invocation command line was

  $ ./configure 

## --------- ##
## Platform. ##
## --------- ##

hostname = aspes
uname -m = x86_64
uname -r = 4.7.0-1-amd64
uname -s = Linux
uname -v = #1 SMP Debian 4.7.8-1 (2016-10-19)

/usr/bin/uname -p = unknown
/bin/uname -X     = unknown

/bin/arch              = unknown
/usr/bin/arch -k       = unknown
/usr/convex/getsysinfo = unknown
hostinfo               = unknown
/bin/machine           = unknown
/usr/bin/oslevel       = unknown
/bin/universe          = unknown

PATH: /home/nutria/rafbb/myscrbx
PATH: /home/nutria/mylocal/bin
PATH: /usr/local/bin
PATH: /usr/bin
PATH: /bin
PATH: /usr/local/games
PATH: /usr/games


## ----------- ##
## Core tests. ##
## ----------- ##

configure:1580: checking for a BSD-compatible install
configure:1635: result: /usr/bin/install -c
configure:1646: checking whether build environment is sane
configure:1689: result: yes
configure:1754: checking for gawk
configure:1770: found /usr/bin/gawk
configure:1780: result: gawk
configure:1790: checking whether make sets $(MAKE)
configure:1810: result: yes
configure:1987: checking build system type
configure:2005: result: x86_64-unknown-linux-gnu
configure:2013: checking host system type
configure:2027: result: x86_64-unknown-linux-gnu
configure:2081: checking for gcc
configure:2097: found /usr/bin/gcc
configure:2107: result: gcc
configure:2351: checking for C compiler version
configure:2354: gcc --version </dev/null >&5
gcc (Debian 6.2.0-10) 6.2.0 20161027
Copyright (C) 2016 Free Software Foundation, Inc.
This is free software; see the source for copying conditions.  There is NO
warranty; not even for MERCHANTABILITY or FITNESS FOR A PARTICULAR PURPOSE.

configure:2357: $? = 0
configure:2359: gcc -v </dev/null >&5
Using built-in specs.
COLLECT_GCC=gcc
COLLECT_LTO_WRAPPER=/usr/lib/gcc/x86_64-linux-gnu/6/lto-wrapper
Target: x86_64-linux-gnu
Configured with: ../src/configure -v --with-pkgversion='Debian 6.2.0-10' --with-bugurl=file:///usr/share/doc/gcc-6/README.Bugs --enable-languages=c,ada,c++,java,go,d,fortran,objc,obj-c++ --prefix=/usr --program-suffix=-6 --program-prefix=x86_64-linux-gnu- --enable-shared --enable-linker-build-id --libexecdir=/usr/lib --without-included-gettext --enable-threads=posix --libdir=/usr/lib --enable-nls --with-sysroot=/ --enable-clocale=gnu --enable-libstdcxx-debug --enable-libstdcxx-time=yes --with-default-libstdcxx-abi=new --enable-gnu-unique-object --disable-vtable-verify --enable-libmpx --enable-plugin --enable-default-pie --with-system-zlib --disable-browser-plugin --enable-java-awt=gtk --enable-gtk-cairo --with-java-home=/usr/lib/jvm/java-1.5.0-gcj-6-amd64/jre --enable-java-home --with-jvm-root-dir=/usr/lib/jvm/java-1.5.0-gcj-6-amd64 --with-jvm-jar-dir=/usr/lib/jvm-exports/java-1.5.0-gcj-6-amd64 --with-arch-directory=amd64 --with-ecj-jar=/usr/share/java/eclipse-ecj.jar --enable-objc-gc --enable-multiarch --with-arch-32=i686 --with-abi=m64 --with-multilib-list=m32,m64,mx32 --enable-multilib --with-tune=generic --enable-checking=release --build=x86_64-linux-gnu --host=x86_64-linux-gnu --target=x86_64-linux-gnu
Thread model: posix
gcc version 6.2.0 20161027 (Debian 6.2.0-10) 
configure:2362: $? = 0
configure:2364: gcc -V </dev/null >&5
gcc: error: unrecognized command line option '-V'
gcc: fatal error: no input files
compilation terminated.
configure:2367: $? = 1
configure:2390: checking for C compiler default output file name
configure:2393: gcc    conftest.c  >&5
configure:2396: $? = 0
configure:2442: result: a.out
configure:2447: checking whether the C compiler works
configure:2453: ./a.out
configure:2456: $? = 0
configure:2473: result: yes
configure:2480: checking whether we are cross compiling
configure:2482: result: no
configure:2485: checking for suffix of executables
configure:2487: gcc -o conftest    conftest.c  >&5
configure:2490: $? = 0
configure:2515: result: 
configure:2521: checking for suffix of object files
configure:2542: gcc -c   conftest.c >&5
configure:2545: $? = 0
configure:2567: result: o
configure:2571: checking whether we are using the GNU C compiler
configure:2595: gcc -c   conftest.c >&5
configure:2601: $? = 0
configure:2605: test -z 
			 || test ! -s conftest.err
configure:2608: $? = 0
configure:2611: test -s conftest.o
configure:2614: $? = 0
configure:2627: result: yes
configure:2633: checking whether gcc accepts -g
configure:2654: gcc -c -g  conftest.c >&5
configure:2660: $? = 0
configure:2664: test -z 
			 || test ! -s conftest.err
configure:2667: $? = 0
configure:2670: test -s conftest.o
configure:2673: $? = 0
configure:2684: result: yes
configure:2701: checking for gcc option to accept ANSI C
configure:2771: gcc  -c -g -O2  conftest.c >&5
configure:2777: $? = 0
configure:2781: test -z 
			 || test ! -s conftest.err
configure:2784: $? = 0
configure:2787: test -s conftest.o
configure:2790: $? = 0
configure:2808: result: none needed
configure:2826: gcc -c -g -O2  conftest.c >&5
conftest.c:2:3: error: unknown type name 'choke'
   choke me
   ^~~~~
conftest.c:2:3: error: expected '=', ',', ';', 'asm' or '__attribute__' at end of input
configure:2832: $? = 1
configure: failed program was:
| #ifndef __cplusplus
|   choke me
| #endif
configure:2976: checking for style of include used by make
configure:3004: result: GNU
configure:3032: checking dependency style of gcc
configure:3122: result: gcc3
configure:3140: checking for library containing strerror
configure:3170: gcc -o conftest -g -O2   conftest.c  >&5
configure:3176: $? = 0
configure:3180: test -z 
			 || test ! -s conftest.err
configure:3183: $? = 0
configure:3186: test -s conftest
configure:3189: $? = 0
configure:3259: result: none required
configure:3279: checking for a BSD-compatible install
configure:3334: result: /usr/bin/install -c
configure:3345: checking whether ln -s works
configure:3349: result: yes
configure:3358: checking for dos file convention
configure:3370: result: no
configure:3392: checking how to run the C preprocessor
configure:3427: gcc -E  conftest.c
configure:3433: $? = 0
configure:3465: gcc -E  conftest.c
conftest.c:11:28: fatal error: ac_nonexistent.h: No such file or directory
 #include <ac_nonexistent.h>
                            ^
compilation terminated.
configure:3471: $? = 1
configure: failed program was:
| /* confdefs.h.  */
| 
| #define PACKAGE_NAME "normalize"
| #define PACKAGE_TARNAME "normalize"
| #define PACKAGE_VERSION "0.7.7"
| #define PACKAGE_STRING "normalize 0.7.7"
| #define PACKAGE_BUGREPORT ""
| #define PACKAGE "normalize"
| #define VERSION "0.7.7"
| /* end confdefs.h.  */
| #include <ac_nonexistent.h>
configure:3510: result: gcc -E
configure:3534: gcc -E  conftest.c
configure:3540: $? = 0
configure:3572: gcc -E  conftest.c
conftest.c:11:28: fatal error: ac_nonexistent.h: No such file or directory
 #include <ac_nonexistent.h>
                            ^
compilation terminated.
configure:3578: $? = 1
configure: failed program was:
| /* confdefs.h.  */
| 
| #define PACKAGE_NAME "normalize"
| #define PACKAGE_TARNAME "normalize"
| #define PACKAGE_VERSION "0.7.7"
| #define PACKAGE_STRING "normalize 0.7.7"
| #define PACKAGE_BUGREPORT ""
| #define PACKAGE "normalize"
| #define VERSION "0.7.7"
| /* end confdefs.h.  */
| #include <ac_nonexistent.h>
configure:3622: checking for egrep
configure:3632: result: grep -E
configure:3637: checking for ANSI C header files
configure:3662: gcc -c -g -O2  conftest.c >&5
configure:3668: $? = 0
configure:3672: test -z 
			 || test ! -s conftest.err
configure:3675: $? = 0
configure:3678: test -s conftest.o
configure:3681: $? = 0
configure:3770: gcc -o conftest -g -O2   conftest.c  >&5
conftest.c: In function 'main':
conftest.c:28:7: warning: implicit declaration of function 'exit' [-Wimplicit-function-declaration]
       exit(2);
       ^~~~
conftest.c:28:7: warning: incompatible implicit declaration of built-in function 'exit'
conftest.c:28:7: note: include '<stdlib.h>' or provide a declaration of 'exit'
conftest.c:29:3: warning: incompatible implicit declaration of built-in function 'exit'
   exit (0);
   ^~~~
conftest.c:29:3: note: include '<stdlib.h>' or provide a declaration of 'exit'
configure:3773: $? = 0
configure:3775: ./conftest
configure:3778: $? = 0
configure:3793: result: yes
configure:3817: checking for sys/types.h
configure:3833: gcc -c -g -O2  conftest.c >&5
configure:3839: $? = 0
configure:3843: test -z 
			 || test ! -s conftest.err
configure:3846: $? = 0
configure:3849: test -s conftest.o
configure:3852: $? = 0
configure:3863: result: yes
configure:3817: checking for sys/stat.h
configure:3833: gcc -c -g -O2  conftest.c >&5
configure:3839: $? = 0
configure:3843: test -z 
			 || test ! -s conftest.err
configure:3846: $? = 0
configure:3849: test -s conftest.o
configure:3852: $? = 0
configure:3863: result: yes
configure:3817: checking for stdlib.h
configure:3833: gcc -c -g -O2  conftest.c >&5
configure:3839: $? = 0
configure:3843: test -z 
			 || test ! -s conftest.err
configure:3846: $? = 0
configure:3849: test -s conftest.o
configure:3852: $? = 0
configure:3863: result: yes
configure:3817: checking for string.h
configure:3833: gcc -c -g -O2  conftest.c >&5
configure:3839: $? = 0
configure:3843: test -z 
			 || test ! -s conftest.err
configure:3846: $? = 0
configure:3849: test -s conftest.o
configure:3852: $? = 0
configure:3863: result: yes
configure:3817: checking for memory.h
configure:3833: gcc -c -g -O2  conftest.c >&5
configure:3839: $? = 0
configure:3843: test -z 
			 || test ! -s conftest.err
configure:3846: $? = 0
configure:3849: test -s conftest.o
configure:3852: $? = 0
configure:3863: result: yes
configure:3817: checking for strings.h
configure:3833: gcc -c -g -O2  conftest.c >&5
configure:3839: $? = 0
configure:3843: test -z 
			 || test ! -s conftest.err
configure:3846: $? = 0
configure:3849: test -s conftest.o
configure:3852: $? = 0
configure:3863: result: yes
configure:3817: checking for inttypes.h
configure:3833: gcc -c -g -O2  conftest.c >&5
configure:3839: $? = 0
configure:3843: test -z 
			 || test ! -s conftest.err
configure:3846: $? = 0
configure:3849: test -s conftest.o
configure:3852: $? = 0
configure:3863: result: yes
configure:3817: checking for stdint.h
configure:3833: gcc -c -g -O2  conftest.c >&5
configure:3839: $? = 0
configure:3843: test -z 
			 || test ! -s conftest.err
configure:3846: $? = 0
configure:3849: test -s conftest.o
configure:3852: $? = 0
configure:3863: result: yes
configure:3817: checking for unistd.h
configure:3833: gcc -c -g -O2  conftest.c >&5
configure:3839: $? = 0
configure:3843: test -z 
			 || test ! -s conftest.err
configure:3846: $? = 0
configure:3849: test -s conftest.o
configure:3852: $? = 0
configure:3863: result: yes
configure:3892: checking for string.h
configure:3897: result: yes
configure:3901: checking math.h usability
configure:3913: gcc -c -g -O2  conftest.c >&5
configure:3919: $? = 0
configure:3923: test -z 
			 || test ! -s conftest.err
configure:3926: $? = 0
configure:3929: test -s conftest.o
configure:3932: $? = 0
configure:3942: result: yes
configure:3946: checking math.h presence
configure:3956: gcc -E  conftest.c
configure:3962: $? = 0
configure:3982: result: yes
configure:4017: checking for math.h
configure:4024: result: yes
configure:3901: checking ctype.h usability
configure:3913: gcc -c -g -O2  conftest.c >&5
configure:3919: $? = 0
configure:3923: test -z 
			 || test ! -s conftest.err
configure:3926: $? = 0
configure:3929: test -s conftest.o
configure:3932: $? = 0
configure:3942: result: yes
configure:3946: checking ctype.h presence
configure:3956: gcc -E  conftest.c
configure:3962: $? = 0
configure:3982: result: yes
configure:4017: checking for ctype.h
configure:4024: result: yes
configure:3901: checking fcntl.h usability
configure:3913: gcc -c -g -O2  conftest.c >&5
configure:3919: $? = 0
configure:3923: test -z 
			 || test ! -s conftest.err
configure:3926: $? = 0
configure:3929: test -s conftest.o
configure:3932: $? = 0
configure:3942: result: yes
configure:3946: checking fcntl.h presence
configure:3956: gcc -E  conftest.c
configure:3962: $? = 0
configure:3982: result: yes
configure:4017: checking for fcntl.h
configure:4024: result: yes
configure:3892: checking for unistd.h
configure:3897: result: yes
configure:3901: checking byteswap.h usability
configure:3913: gcc -c -g -O2  conftest.c >&5
configure:3919: $? = 0
configure:3923: test -z 
			 || test ! -s conftest.err
configure:3926: $? = 0
configure:3929: test -s conftest.o
configure:3932: $? = 0
configure:3942: result: yes
configure:3946: checking byteswap.h presence
configure:3956: gcc -E  conftest.c
configure:3962: $? = 0
configure:3982: result: yes
configure:4017: checking for byteswap.h
configure:4024: result: yes
configure:3892: checking for sys/types.h
configure:3897: result: yes
configure:3892: checking for sys/stat.h
configure:3897: result: yes
configure:3901: checking sys/mman.h usability
configure:3913: gcc -c -g -O2  conftest.c >&5
configure:3919: $? = 0
configure:3923: test -z 
			 || test ! -s conftest.err
configure:3926: $? = 0
configure:3929: test -s conftest.o
configure:3932: $? = 0
configure:3942: result: yes
configure:3946: checking sys/mman.h presence
configure:3956: gcc -E  conftest.c
configure:3962: $? = 0
configure:3982: result: yes
configure:4017: checking for sys/mman.h
configure:4024: result: yes
configure:3901: checking locale.h usability
configure:3913: gcc -c -g -O2  conftest.c >&5
configure:3919: $? = 0
configure:3923: test -z 
			 || test ! -s conftest.err
configure:3926: $? = 0
configure:3929: test -s conftest.o
configure:3932: $? = 0
configure:3942: result: yes
configure:3946: checking locale.h presence
configure:3956: gcc -E  conftest.c
configure:3962: $? = 0
configure:3982: result: yes
configure:4017: checking for locale.h
configure:4024: result: yes
configure:3892: checking for stdint.h
configure:3897: result: yes
configure:3892: checking for inttypes.h
configure:3897: result: yes
configure:3901: checking errno.h usability
configure:3913: gcc -c -g -O2  conftest.c >&5
configure:3919: $? = 0
configure:3923: test -z 
			 || test ! -s conftest.err
configure:3926: $? = 0
configure:3929: test -s conftest.o
configure:3932: $? = 0
configure:3942: result: yes
configure:3946: checking errno.h presence
configure:3956: gcc -E  conftest.c
configure:3962: $? = 0
configure:3982: result: yes
configure:4017: checking for errno.h
configure:4024: result: yes
configure:4038: checking for an ANSI C-conforming const
configure:4105: gcc -c -g -O2  conftest.c >&5
configure:4111: $? = 0
configure:4115: test -z 
			 || test ! -s conftest.err
configure:4118: $? = 0
configure:4121: test -s conftest.o
configure:4124: $? = 0
configure:4135: result: yes
configure:4145: checking for inline
configure:4166: gcc -c -g -O2  conftest.c >&5
configure:4172: $? = 0
configure:4176: test -z 
			 || test ! -s conftest.err
configure:4179: $? = 0
configure:4182: test -s conftest.o
configure:4185: $? = 0
configure:4197: result: inline
configure:4216: checking for off_t
configure:4240: gcc -c -g -O2  conftest.c >&5
configure:4246: $? = 0
configure:4250: test -z 
			 || test ! -s conftest.err
configure:4253: $? = 0
configure:4256: test -s conftest.o
configure:4259: $? = 0
configure:4270: result: yes
configure:4282: checking for size_t
configure:4306: gcc -c -g -O2  conftest.c >&5
configure:4312: $? = 0
configure:4316: test -z 
			 || test ! -s conftest.err
configure:4319: $? = 0
configure:4322: test -s conftest.o
configure:4325: $? = 0
configure:4336: result: yes
configure:4359: checking whether byte ordering is bigendian
configure:4386: gcc -c -g -O2  conftest.c >&5
configure:4392: $? = 0
configure:4396: test -z 
			 || test ! -s conftest.err
configure:4399: $? = 0
configure:4402: test -s conftest.o
configure:4405: $? = 0
configure:4429: gcc -c -g -O2  conftest.c >&5
conftest.c: In function 'main':
conftest.c:41:2: error: unknown type name 'not'
  not big endian
  ^~~
conftest.c:41:10: error: expected '=', ',', ';', 'asm' or '__attribute__' before 'endian'
  not big endian
          ^~~~~~
configure:4435: $? = 1
configure: failed program was:
| /* confdefs.h.  */
| 
| #define PACKAGE_NAME "normalize"
| #define PACKAGE_TARNAME "normalize"
| #define PACKAGE_VERSION "0.7.7"
| #define PACKAGE_STRING "normalize 0.7.7"
| #define PACKAGE_BUGREPORT ""
| #define PACKAGE "normalize"
| #define VERSION "0.7.7"
| #define STDC_HEADERS 1
| #define HAVE_SYS_TYPES_H 1
| #define HAVE_SYS_STAT_H 1
| #define HAVE_STDLIB_H 1
| #define HAVE_STRING_H 1
| #define HAVE_MEMORY_H 1
| #define HAVE_STRINGS_H 1
| #define HAVE_INTTYPES_H 1
| #define HAVE_STDINT_H 1
| #define HAVE_UNISTD_H 1
| #define HAVE_STRING_H 1
| #define HAVE_MATH_H 1
| #define HAVE_CTYPE_H 1
| #define HAVE_FCNTL_H 1
| #define HAVE_UNISTD_H 1
| #define HAVE_BYTESWAP_H 1
| #define HAVE_SYS_TYPES_H 1
| #define HAVE_SYS_STAT_H 1
| #define HAVE_SYS_MMAN_H 1
| #define HAVE_LOCALE_H 1
| #define HAVE_STDINT_H 1
| #define HAVE_INTTYPES_H 1
| #define HAVE_ERRNO_H 1
| /* end confdefs.h.  */
| #include <sys/types.h>
| #include <sys/param.h>
| 
| int
| main ()
| {
| #if BYTE_ORDER != BIG_ENDIAN
|  not big endian
| #endif
| 
|   ;
|   return 0;
| }
configure:4570: result: no
configure:4592: checking for sqrt in -lm
configure:4622: gcc -o conftest -g -O2   conftest.c -lm   >&5
conftest.c:41:6: warning: conflicting types for built-in function 'sqrt'
 char sqrt ();
      ^~~~
configure:4628: $? = 0
configure:4632: test -z 
			 || test ! -s conftest.err
configure:4635: $? = 0
configure:4638: test -s conftest
configure:4641: $? = 0
configure:4654: result: yes
configure:4677: checking for strerror
configure:4734: gcc -o conftest -g -O2   conftest.c -lm  >&5
configure:4740: $? = 0
configure:4744: test -z 
			 || test ! -s conftest.err
configure:4747: $? = 0
configure:4750: test -s conftest
configure:4753: $? = 0
configure:4765: result: yes
configure:4677: checking for strtod
configure:4734: gcc -o conftest -g -O2   conftest.c -lm  >&5
configure:4740: $? = 0
configure:4744: test -z 
			 || test ! -s conftest.err
configure:4747: $? = 0
configure:4750: test -s conftest
configure:4753: $? = 0
configure:4765: result: yes
configure:4677: checking for strchr
configure:4734: gcc -o conftest -g -O2   conftest.c -lm  >&5
conftest.c:61:6: warning: conflicting types for built-in function 'strchr'
 char strchr ();
      ^~~~~~
configure:4740: $? = 0
configure:4744: test -z 
			 || test ! -s conftest.err
configure:4747: $? = 0
configure:4750: test -s conftest
configure:4753: $? = 0
configure:4765: result: yes
configure:4677: checking for memcpy
configure:4734: gcc -o conftest -g -O2   conftest.c -lm  >&5
conftest.c:62:6: warning: conflicting types for built-in function 'memcpy'
 char memcpy ();
      ^~~~~~
configure:4740: $? = 0
configure:4744: test -z 
			 || test ! -s conftest.err
configure:4747: $? = 0
configure:4750: test -s conftest
configure:4753: $? = 0
configure:4765: result: yes
configure:4677: checking for ftruncate
configure:4734: gcc -o conftest -g -O2   conftest.c -lm  >&5
configure:4740: $? = 0
configure:4744: test -z 
			 || test ! -s conftest.err
configure:4747: $? = 0
configure:4750: test -s conftest
configure:4753: $? = 0
configure:4765: result: yes
configure:4785: checking for char
configure:4809: gcc -c -g -O2  conftest.c >&5
configure:4815: $? = 0
configure:4819: test -z 
			 || test ! -s conftest.err
configure:4822: $? = 0
configure:4825: test -s conftest.o
configure:4828: $? = 0
configure:4839: result: yes
configure:4842: checking size of char
configure:5161: gcc -o conftest -g -O2   conftest.c -lm  >&5
configure:5164: $? = 0
configure:5166: ./conftest
configure:5169: $? = 0
configure:5192: result: 1
configure:5199: checking for short
configure:5223: gcc -c -g -O2  conftest.c >&5
configure:5229: $? = 0
configure:5233: test -z 
			 || test ! -s conftest.err
configure:5236: $? = 0
configure:5239: test -s conftest.o
configure:5242: $? = 0
configure:5253: result: yes
configure:5256: checking size of short
configure:5575: gcc -o conftest -g -O2   conftest.c -lm  >&5
configure:5578: $? = 0
configure:5580: ./conftest
configure:5583: $? = 0
configure:5606: result: 2
configure:5613: checking for int
configure:5637: gcc -c -g -O2  conftest.c >&5
configure:5643: $? = 0
configure:5647: test -z 
			 || test ! -s conftest.err
configure:5650: $? = 0
configure:5653: test -s conftest.o
configure:5656: $? = 0
configure:5667: result: yes
configure:5670: checking size of int
configure:5989: gcc -o conftest -g -O2   conftest.c -lm  >&5
configure:5992: $? = 0
configure:5994: ./conftest
configure:5997: $? = 0
configure:6020: result: 4
configure:6027: checking for long
configure:6051: gcc -c -g -O2  conftest.c >&5
configure:6057: $? = 0
configure:6061: test -z 
			 || test ! -s conftest.err
configure:6064: $? = 0
configure:6067: test -s conftest.o
configure:6070: $? = 0
configure:6081: result: yes
configure:6084: checking size of long
configure:6403: gcc -o conftest -g -O2   conftest.c -lm  >&5
configure:6406: $? = 0
configure:6408: ./conftest
configure:6411: $? = 0
configure:6434: result: 8
configure:6453: checking for an 8-bit type
configure:6486: result: char
configure:6489: checking for a 16-bit type
configure:6522: result: short
configure:6525: checking for a 32-bit type
configure:6558: result: int
configure:6561: checking for int8_t
configure:6595: gcc -c -g -O2  conftest.c >&5
configure:6601: $? = 0
configure:6605: test -z 
			 || test ! -s conftest.err
configure:6608: $? = 0
configure:6611: test -s conftest.o
configure:6614: $? = 0
configure:6625: result: yes
configure:6635: checking for int16_t
configure:6669: gcc -c -g -O2  conftest.c >&5
configure:6675: $? = 0
configure:6679: test -z 
			 || test ! -s conftest.err
configure:6682: $? = 0
configure:6685: test -s conftest.o
configure:6688: $? = 0
configure:6699: result: yes
configure:6709: checking for int32_t
configure:6743: gcc -c -g -O2  conftest.c >&5
configure:6749: $? = 0
configure:6753: test -z 
			 || test ! -s conftest.err
configure:6756: $? = 0
configure:6759: test -s conftest.o
configure:6762: $? = 0
configure:6773: result: yes
configure:6783: checking for uint8_t
configure:6817: gcc -c -g -O2  conftest.c >&5
configure:6823: $? = 0
configure:6827: test -z 
			 || test ! -s conftest.err
configure:6830: $? = 0
configure:6833: test -s conftest.o
configure:6836: $? = 0
configure:6847: result: yes
configure:6857: checking for uint16_t
configure:6891: gcc -c -g -O2  conftest.c >&5
configure:6897: $? = 0
configure:6901: test -z 
			 || test ! -s conftest.err
configure:6904: $? = 0
configure:6907: test -s conftest.o
configure:6910: $? = 0
configure:6921: result: yes
configure:6931: checking for uint32_t
configure:6965: gcc -c -g -O2  conftest.c >&5
configure:6971: $? = 0
configure:6975: test -z 
			 || test ! -s conftest.err
configure:6978: $? = 0
configure:6981: test -s conftest.o
configure:6984: $? = 0
configure:6995: result: yes
configure:7081: checking for perl
configure:7099: found /usr/bin/perl
configure:7112: result: /usr/bin/perl
configure:7124: checking for madplay
configure:7153: result: no
configure:7124: checking for mpg123
configure:7140: found /usr/bin/mpg123
configure:7150: result: mpg123
configure:7164: checking for lame
configure:7180: found /usr/bin/lame
configure:7190: result: lame
configure:7204: checking for oggdec
configure:7220: found /usr/bin/oggdec
configure:7230: result: oggdec
configure:7244: checking for oggenc
configure:7260: found /usr/bin/oggenc
configure:7270: result: oggenc
configure:7284: checking for vorbiscomment
configure:7300: found /usr/bin/vorbiscomment
configure:7310: result: vorbiscomment
configure:7324: checking for flac
configure:7340: found /usr/bin/flac
configure:7350: result: flac
configure:7364: checking for flac
configure:7380: found /usr/bin/flac
configure:7390: result: flac
configure:7404: checking for metaflac
configure:7420: found /usr/bin/metaflac
configure:7430: result: metaflac
configure:7540: checking for glib-config
configure:7571: result: no
configure:7579: checking for GLIB - version >= 1.2.2
configure:7713: result: no
configure:7852: checking for gtk-config
configure:7883: result: no
configure:7891: checking for GTK - version >= 1.2.2
configure:8027: result: no
configure:8152: checking for xmms-config
configure:8183: result: no
configure:8292: checking for XMMS - version >= 1.0.0
configure:8300: result: no
configure:8413: checking for a sed that does not truncate output
configure:8467: result: /bin/sed
configure:8481: checking for ld used by gcc
configure:8548: result: /usr/bin/ld
configure:8557: checking if the linker (/usr/bin/ld) is GNU ld
configure:8572: result: yes
configure:8577: checking for /usr/bin/ld option to reload object files
configure:8584: result: -r
configure:8602: checking for BSD-compatible nm
configure:8644: result: /usr/bin/nm -B
configure:8648: checking how to recognise dependent libraries
configure:8820: result: pass_all
configure:8904: gcc -c -g -O2  conftest.c >&5
configure:8907: $? = 0
configure:9042: checking dlfcn.h usability
configure:9054: gcc -c -g -O2  conftest.c >&5
configure:9060: $? = 0
configure:9064: test -z 
			 || test ! -s conftest.err
configure:9067: $? = 0
configure:9070: test -s conftest.o
configure:9073: $? = 0
configure:9083: result: yes
configure:9087: checking dlfcn.h presence
configure:9097: gcc -E  conftest.c
configure:9103: $? = 0
configure:9123: result: yes
configure:9158: checking for dlfcn.h
configure:9165: result: yes
configure:9230: checking for g++
configure:9246: found /usr/bin/g++
configure:9256: result: g++
configure:9272: checking for C++ compiler version
configure:9275: g++ --version </dev/null >&5
g++ (Debian 6.2.0-10) 6.2.0 20161027
Copyright (C) 2016 Free Software Foundation, Inc.
This is free software; see the source for copying conditions.  There is NO
warranty; not even for MERCHANTABILITY or FITNESS FOR A PARTICULAR PURPOSE.

configure:9278: $? = 0
configure:9280: g++ -v </dev/null >&5
Using built-in specs.
COLLECT_GCC=g++
COLLECT_LTO_WRAPPER=/usr/lib/gcc/x86_64-linux-gnu/6/lto-wrapper
Target: x86_64-linux-gnu
Configured with: ../src/configure -v --with-pkgversion='Debian 6.2.0-10' --with-bugurl=file:///usr/share/doc/gcc-6/README.Bugs --enable-languages=c,ada,c++,java,go,d,fortran,objc,obj-c++ --prefix=/usr --program-suffix=-6 --program-prefix=x86_64-linux-gnu- --enable-shared --enable-linker-build-id --libexecdir=/usr/lib --without-included-gettext --enable-threads=posix --libdir=/usr/lib --enable-nls --with-sysroot=/ --enable-clocale=gnu --enable-libstdcxx-debug --enable-libstdcxx-time=yes --with-default-libstdcxx-abi=new --enable-gnu-unique-object --disable-vtable-verify --enable-libmpx --enable-plugin --enable-default-pie --with-system-zlib --disable-browser-plugin --enable-java-awt=gtk --enable-gtk-cairo --with-java-home=/usr/lib/jvm/java-1.5.0-gcj-6-amd64/jre --enable-java-home --with-jvm-root-dir=/usr/lib/jvm/java-1.5.0-gcj-6-amd64 --with-jvm-jar-dir=/usr/lib/jvm-exports/java-1.5.0-gcj-6-amd64 --with-arch-directory=amd64 --with-ecj-jar=/usr/share/java/eclipse-ecj.jar --enable-objc-gc --enable-multiarch --with-arch-32=i686 --with-abi=m64 --with-multilib-list=m32,m64,mx32 --enable-multilib --with-tune=generic --enable-checking=release --build=x86_64-linux-gnu --host=x86_64-linux-gnu --target=x86_64-linux-gnu
Thread model: posix
gcc version 6.2.0 20161027 (Debian 6.2.0-10) 
configure:9283: $? = 0
configure:9285: g++ -V </dev/null >&5
g++: error: unrecognized command line option '-V'
g++: fatal error: no input files
compilation terminated.
configure:9288: $? = 1
configure:9291: checking whether we are using the GNU C++ compiler
configure:9315: g++ -c   conftest.cc >&5
configure:9321: $? = 0
configure:9325: test -z 
			 || test ! -s conftest.err
configure:9328: $? = 0
configure:9331: test -s conftest.o
configure:9334: $? = 0
configure:9347: result: yes
configure:9353: checking whether g++ accepts -g
configure:9374: g++ -c -g  conftest.cc >&5
configure:9380: $? = 0
configure:9384: test -z 
			 || test ! -s conftest.err
configure:9387: $? = 0
configure:9390: test -s conftest.o
configure:9393: $? = 0
configure:9404: result: yes
configure:9446: g++ -c -g -O2  conftest.cc >&5
configure:9452: $? = 0
configure:9456: test -z 
			 || test ! -s conftest.err
configure:9459: $? = 0
configure:9462: test -s conftest.o
configure:9465: $? = 0
configure:9491: g++ -c -g -O2  conftest.cc >&5
conftest.cc: In function 'int main()':
conftest.cc:59:9: error: 'exit' was not declared in this scope
 exit (42);
         ^
configure:9497: $? = 1
configure: failed program was:
| /* confdefs.h.  */
| 
| #define PACKAGE_NAME "normalize"
| #define PACKAGE_TARNAME "normalize"
| #define PACKAGE_VERSION "0.7.7"
| #define PACKAGE_STRING "normalize 0.7.7"
| #define PACKAGE_BUGREPORT ""
| #define PACKAGE "normalize"
| #define VERSION "0.7.7"
| #define STDC_HEADERS 1
| #define HAVE_SYS_TYPES_H 1
| #define HAVE_SYS_STAT_H 1
| #define HAVE_STDLIB_H 1
| #define HAVE_STRING_H 1
| #define HAVE_MEMORY_H 1
| #define HAVE_STRINGS_H 1
| #define HAVE_INTTYPES_H 1
| #define HAVE_STDINT_H 1
| #define HAVE_UNISTD_H 1
| #define HAVE_STRING_H 1
| #define HAVE_MATH_H 1
| #define HAVE_CTYPE_H 1
| #define HAVE_FCNTL_H 1
| #define HAVE_UNISTD_H 1
| #define HAVE_BYTESWAP_H 1
| #define HAVE_SYS_TYPES_H 1
| #define HAVE_SYS_STAT_H 1
| #define HAVE_SYS_MMAN_H 1
| #define HAVE_LOCALE_H 1
| #define HAVE_STDINT_H 1
| #define HAVE_INTTYPES_H 1
| #define HAVE_ERRNO_H 1
| #define HAVE_LIBM 1
| #define HAVE_STRERROR 1
| #define HAVE_STRTOD 1
| #define HAVE_STRCHR 1
| #define HAVE_MEMCPY 1
| #define HAVE_FTRUNCATE 1
| #define SIZEOF_CHAR 1
| #define SIZEOF_SHORT 2
| #define SIZEOF_INT 4
| #define SIZEOF_LONG 8
| #define __TYPE8__ char
| #define __TYPE16__ short
| #define __TYPE32__ int
| #define HAVE_INT8_T 1
| #define HAVE_INT16_T 1
| #define HAVE_INT32_T 1
| #define HAVE_UINT8_T 1
| #define HAVE_UINT16_T 1
| #define HAVE_UINT32_T 1
| #define USE_LOOKUPTABLE 1
| #define HAVE_DLFCN_H 1
| /* end confdefs.h.  */
| 
| int
| main ()
| {
| exit (42);
|   ;
|   return 0;
| }
configure:9446: g++ -c -g -O2  conftest.cc >&5
configure:9452: $? = 0
configure:9456: test -z 
			 || test ! -s conftest.err
configure:9459: $? = 0
configure:9462: test -s conftest.o
configure:9465: $? = 0
configure:9491: g++ -c -g -O2  conftest.cc >&5
configure:9497: $? = 0
configure:9501: test -z 
			 || test ! -s conftest.err
configure:9504: $? = 0
configure:9507: test -s conftest.o
configure:9510: $? = 0
configure:9535: checking dependency style of g++
configure:9625: result: gcc3
configure:9652: checking how to run the C++ preprocessor
configure:9683: g++ -E  conftest.cc
configure:9689: $? = 0
configure:9721: g++ -E  conftest.cc
conftest.cc:58:28: fatal error: ac_nonexistent.h: No such file or directory
 #include <ac_nonexistent.h>
                            ^
compilation terminated.
configure:9727: $? = 1
configure: failed program was:
| /* confdefs.h.  */
| 
| #define PACKAGE_NAME "normalize"
| #define PACKAGE_TARNAME "normalize"
| #define PACKAGE_VERSION "0.7.7"
| #define PACKAGE_STRING "normalize 0.7.7"
| #define PACKAGE_BUGREPORT ""
| #define PACKAGE "normalize"
| #define VERSION "0.7.7"
| #define STDC_HEADERS 1
| #define HAVE_SYS_TYPES_H 1
| #define HAVE_SYS_STAT_H 1
| #define HAVE_STDLIB_H 1
| #define HAVE_STRING_H 1
| #define HAVE_MEMORY_H 1
| #define HAVE_STRINGS_H 1
| #define HAVE_INTTYPES_H 1
| #define HAVE_STDINT_H 1
| #define HAVE_UNISTD_H 1
| #define HAVE_STRING_H 1
| #define HAVE_MATH_H 1
| #define HAVE_CTYPE_H 1
| #define HAVE_FCNTL_H 1
| #define HAVE_UNISTD_H 1
| #define HAVE_BYTESWAP_H 1
| #define HAVE_SYS_TYPES_H 1
| #define HAVE_SYS_STAT_H 1
| #define HAVE_SYS_MMAN_H 1
| #define HAVE_LOCALE_H 1
| #define HAVE_STDINT_H 1
| #define HAVE_INTTYPES_H 1
| #define HAVE_ERRNO_H 1
| #define HAVE_LIBM 1
| #define HAVE_STRERROR 1
| #define HAVE_STRTOD 1
| #define HAVE_STRCHR 1
| #define HAVE_MEMCPY 1
| #define HAVE_FTRUNCATE 1
| #define SIZEOF_CHAR 1
| #define SIZEOF_SHORT 2
| #define SIZEOF_INT 4
| #define SIZEOF_LONG 8
| #define __TYPE8__ char
| #define __TYPE16__ short
| #define __TYPE32__ int
| #define HAVE_INT8_T 1
| #define HAVE_INT16_T 1
| #define HAVE_INT32_T 1
| #define HAVE_UINT8_T 1
| #define HAVE_UINT16_T 1
| #define HAVE_UINT32_T 1
| #define USE_LOOKUPTABLE 1
| #define HAVE_DLFCN_H 1
| #ifdef __cplusplus
| extern "C" void std::exit (int) throw (); using std::exit;
| #endif
| /* end confdefs.h.  */
| #include <ac_nonexistent.h>
configure:9766: result: g++ -E
configure:9790: g++ -E  conftest.cc
configure:9796: $? = 0
configure:9828: g++ -E  conftest.cc
conftest.cc:58:28: fatal error: ac_nonexistent.h: No such file or directory
 #include <ac_nonexistent.h>
                            ^
compilation terminated.
configure:9834: $? = 1
configure: failed program was:
| /* confdefs.h.  */
| 
| #define PACKAGE_NAME "normalize"
| #define PACKAGE_TARNAME "normalize"
| #define PACKAGE_VERSION "0.7.7"
| #define PACKAGE_STRING "normalize 0.7.7"
| #define PACKAGE_BUGREPORT ""
| #define PACKAGE "normalize"
| #define VERSION "0.7.7"
| #define STDC_HEADERS 1
| #define HAVE_SYS_TYPES_H 1
| #define HAVE_SYS_STAT_H 1
| #define HAVE_STDLIB_H 1
| #define HAVE_STRING_H 1
| #define HAVE_MEMORY_H 1
| #define HAVE_STRINGS_H 1
| #define HAVE_INTTYPES_H 1
| #define HAVE_STDINT_H 1
| #define HAVE_UNISTD_H 1
| #define HAVE_STRING_H 1
| #define HAVE_MATH_H 1
| #define HAVE_CTYPE_H 1
| #define HAVE_FCNTL_H 1
| #define HAVE_UNISTD_H 1
| #define HAVE_BYTESWAP_H 1
| #define HAVE_SYS_TYPES_H 1
| #define HAVE_SYS_STAT_H 1
| #define HAVE_SYS_MMAN_H 1
| #define HAVE_LOCALE_H 1
| #define HAVE_STDINT_H 1
| #define HAVE_INTTYPES_H 1
| #define HAVE_ERRNO_H 1
| #define HAVE_LIBM 1
| #define HAVE_STRERROR 1
| #define HAVE_STRTOD 1
| #define HAVE_STRCHR 1
| #define HAVE_MEMCPY 1
| #define HAVE_FTRUNCATE 1
| #define SIZEOF_CHAR 1
| #define SIZEOF_SHORT 2
| #define SIZEOF_INT 4
| #define SIZEOF_LONG 8
| #define __TYPE8__ char
| #define __TYPE16__ short
| #define __TYPE32__ int
| #define HAVE_INT8_T 1
| #define HAVE_INT16_T 1
| #define HAVE_INT32_T 1
| #define HAVE_UINT8_T 1
| #define HAVE_UINT16_T 1
| #define HAVE_UINT32_T 1
| #define USE_LOOKUPTABLE 1
| #define HAVE_DLFCN_H 1
| #ifdef __cplusplus
| extern "C" void std::exit (int) throw (); using std::exit;
| #endif
| /* end confdefs.h.  */
| #include <ac_nonexistent.h>
configure:9931: checking for g77
configure:9960: result: no
configure:9931: checking for f77
configure:9947: found /usr/bin/f77
configure:9957: result: f77
configure:9972: checking for Fortran 77 compiler version
configure:9975: f77 --version </dev/null >&5
GNU Fortran (Debian 6.2.0-10) 6.2.0 20161027
Copyright (C) 2016 Free Software Foundation, Inc.
This is free software; see the source for copying conditions.  There is NO
warranty; not even for MERCHANTABILITY or FITNESS FOR A PARTICULAR PURPOSE.

configure:9978: $? = 0
configure:9980: f77 -v </dev/null >&5
Using built-in specs.
COLLECT_GCC=f77
COLLECT_LTO_WRAPPER=/usr/lib/gcc/x86_64-linux-gnu/6/lto-wrapper
Target: x86_64-linux-gnu
Configured with: ../src/configure -v --with-pkgversion='Debian 6.2.0-10' --with-bugurl=file:///usr/share/doc/gcc-6/README.Bugs --enable-languages=c,ada,c++,java,go,d,fortran,objc,obj-c++ --prefix=/usr --program-suffix=-6 --program-prefix=x86_64-linux-gnu- --enable-shared --enable-linker-build-id --libexecdir=/usr/lib --without-included-gettext --enable-threads=posix --libdir=/usr/lib --enable-nls --with-sysroot=/ --enable-clocale=gnu --enable-libstdcxx-debug --enable-libstdcxx-time=yes --with-default-libstdcxx-abi=new --enable-gnu-unique-object --disable-vtable-verify --enable-libmpx --enable-plugin --enable-default-pie --with-system-zlib --disable-browser-plugin --enable-java-awt=gtk --enable-gtk-cairo --with-java-home=/usr/lib/jvm/java-1.5.0-gcj-6-amd64/jre --enable-java-home --with-jvm-root-dir=/usr/lib/jvm/java-1.5.0-gcj-6-amd64 --with-jvm-jar-dir=/usr/lib/jvm-exports/java-1.5.0-gcj-6-amd64 --with-arch-directory=amd64 --with-ecj-jar=/usr/share/java/eclipse-ecj.jar --enable-objc-gc --enable-multiarch --with-arch-32=i686 --with-abi=m64 --with-multilib-list=m32,m64,mx32 --enable-multilib --with-tune=generic --enable-checking=release --build=x86_64-linux-gnu --host=x86_64-linux-gnu --target=x86_64-linux-gnu
Thread model: posix
gcc version 6.2.0 20161027 (Debian 6.2.0-10) 
configure:9983: $? = 0
configure:9985: f77 -V </dev/null >&5
f77: error: unrecognized command line option '-V'
f77: fatal error: no input files
compilation terminated.
configure:9988: $? = 1
configure:9996: checking whether we are using the GNU Fortran 77 compiler
configure:10010: f77 -c  conftest.F >&5
configure:10016: $? = 0
configure:10020: test -z 
			 || test ! -s conftest.err
configure:10023: $? = 0
configure:10026: test -s conftest.o
configure:10029: $? = 0
configure:10042: result: yes
configure:10048: checking whether f77 accepts -g
configure:10060: f77 -c -g conftest.f >&5
configure:10066: $? = 0
configure:10070: test -z 
			 || test ! -s conftest.err
configure:10073: $? = 0
configure:10076: test -s conftest.o
configure:10079: $? = 0
configure:10091: result: yes
configure:10121: checking the maximum length of command line arguments
configure:10213: result: 32768
configure:10224: checking command to parse /usr/bin/nm -B output from gcc object
configure:10320: gcc -c -g -O2  conftest.c >&5
configure:10323: $? = 0
configure:10327: /usr/bin/nm -B conftest.o \| sed -n -e 's/^.*[ 	]\([ABCDGIRSTW][ABCDGIRSTW]*\)[ 	][ 	]*\([_A-Za-z][_A-Za-z0-9]*\)$/\1 \2 \2/p' \> conftest.nm
configure:10330: $? = 0
configure:10382: gcc -o conftest -g -O2   conftest.c conftstm.o >&5
configure:10385: $? = 0
configure:10423: result: ok
configure:10427: checking for objdir
configure:10442: result: .libs
configure:10532: checking for ar
configure:10548: found /usr/bin/ar
configure:10559: result: ar
configure:10612: checking for ranlib
configure:10628: found /usr/bin/ranlib
configure:10639: result: ranlib
configure:10692: checking for strip
configure:10708: found /usr/bin/strip
configure:10719: result: strip
configure:11006: checking if gcc static flag  works
configure:11034: result: yes
configure:11052: checking if gcc supports -fno-rtti -fno-exceptions
configure:11070: gcc -c -g -O2  -fno-rtti -fno-exceptions conftest.c >&5
cc1: warning: command line option '-fno-rtti' is valid for C++/ObjC++ but not for C
configure:11074: $? = 0
configure:11087: result: no
configure:11102: checking for gcc option to produce PIC
configure:11306: result: -fPIC
configure:11314: checking if gcc PIC flag -fPIC works
configure:11332: gcc -c -g -O2  -fPIC -DPIC conftest.c >&5
configure:11336: $? = 0
configure:11349: result: yes
configure:11373: checking if gcc supports -c -o file.o
configure:11394: gcc -c -g -O2  -o out/conftest2.o conftest.c >&5
configure:11398: $? = 0
configure:11420: result: yes
configure:11446: checking whether the gcc linker (/usr/bin/ld -m elf_x86_64) supports shared libraries
configure:12342: result: yes
configure:12368: checking whether -lc should be explicitly linked in
configure:12373: gcc -c -g -O2  conftest.c >&5
configure:12376: $? = 0
configure:12390: gcc -shared conftest.o  -v -Wl,-soname -Wl,conftest -o conftest 2\>\&1 \| grep  -lc  \>/dev/null 2\>\&1
configure:12393: $? = 0
configure:12405: result: no
configure:12413: checking dynamic linker characteristics
configure:12967: result: GNU/Linux ld.so
configure:12971: checking how to hardcode library paths into programs
configure:12996: result: immediate
configure:13010: checking whether stripping libraries is possible
configure:13015: result: yes
configure:13845: checking if libtool supports shared libraries
configure:13847: result: yes
configure:13850: checking whether to build shared libraries
configure:13871: result: yes
configure:13874: checking whether to build static libraries
configure:13878: result: no
configure:13970: creating libtool
configure:14548: checking for ld used by g++
configure:14615: result: /usr/bin/ld -m elf_x86_64
configure:14624: checking if the linker (/usr/bin/ld -m elf_x86_64) is GNU ld
configure:14639: result: yes
configure:14690: checking whether the g++ linker (/usr/bin/ld -m elf_x86_64) supports shared libraries
configure:15570: result: yes
configure:15588: g++ -c -g -O2  conftest.cpp >&5
configure:15591: $? = 0
configure:15701: checking for g++ option to produce PIC
configure:15969: result: -fPIC
configure:15977: checking if g++ PIC flag -fPIC works
configure:15995: g++ -c -g -O2  -fPIC -DPIC conftest.cpp >&5
configure:15999: $? = 0
configure:16012: result: yes
configure:16036: checking if g++ supports -c -o file.o
configure:16057: g++ -c -g -O2  -o out/conftest2.o conftest.cpp >&5
configure:16061: $? = 0
configure:16083: result: yes
configure:16109: checking whether the g++ linker (/usr/bin/ld -m elf_x86_64) supports shared libraries
configure:16134: result: yes
configure:16205: checking dynamic linker characteristics
configure:16759: result: GNU/Linux ld.so
configure:16763: checking how to hardcode library paths into programs
configure:16788: result: immediate
configure:16802: checking whether stripping libraries is possible
configure:16807: result: yes
configure:18143: checking if libtool supports shared libraries
configure:18145: result: yes
configure:18148: checking whether to build shared libraries
configure:18168: result: yes
configure:18171: checking whether to build static libraries
configure:18175: result: no
configure:18187: checking for f77 option to produce PIC
configure:18391: result: -fPIC
configure:18399: checking if f77 PIC flag -fPIC works
configure:18417: f77 -c -g -O2 -fPIC conftest.f >&5
configure:18421: $? = 0
configure:18434: result: yes
configure:18458: checking if f77 supports -c -o file.o
configure:18479: f77 -c -g -O2 -o out/conftest2.o conftest.f >&5
configure:18483: $? = 0
configure:18505: result: yes
configure:18531: checking whether the f77 linker (/usr/bin/ld -m elf_x86_64) supports shared libraries
configure:19407: result: yes
configure:19478: checking dynamic linker characteristics
configure:20032: result: GNU/Linux ld.so
configure:20036: checking how to hardcode library paths into programs
configure:20061: result: immediate
configure:20075: checking whether stripping libraries is possible
configure:20080: result: yes
configure:24394: checking for audiofile-config
configure:24425: result: no
configure:24433: checking for Audio File Library - version >= 0.2.2
configure:24563: result: no
configure:24731: checking for mad_decoder_init in -lmad
configure:24761: gcc -o conftest -g -O2   conftest.c -lmad  -lm  >&5
configure:24767: $? = 0
configure:24771: test -z 
			 || test ! -s conftest.err
configure:24774: $? = 0
configure:24777: test -s conftest
configure:24780: $? = 0
configure:24793: result: yes
configure:24857: checking whether NLS is requested
configure:24866: result: yes
configure:24904: checking for msgfmt
configure: trying /usr/bin/msgfmt...
0 translated messages.
configure:24936: result: /usr/bin/msgfmt
configure:24945: checking for gmsgfmt
configure:24976: result: /usr/bin/msgfmt
configure:25015: checking for xgettext
configure: trying /usr/bin/xgettext...
/usr/bin/xgettext: warning: file '/dev/null' extension '' is unknown; will try C
configure:25047: result: /usr/bin/xgettext
configure:25087: checking for msgmerge
configure: trying /usr/bin/msgmerge...
configure:25118: result: /usr/bin/msgmerge
configure:25193: checking for ld used by GCC
configure:25257: result: /usr/bin/ld -m elf_x86_64
configure:25266: checking if the linker (/usr/bin/ld -m elf_x86_64) is GNU ld
configure:25279: result: yes
configure:25286: checking for shared library run path origin
configure:25299: result: done
configure:25715: checking for CFPreferencesCopyAppValue
configure:25740: gcc -o conftest -g -O2  -I/System/Library/Frameworks/CoreFoundation.framework/Headers  conftest.c -lm  -framework CoreFoundation >&5
gcc: error: CoreFoundation: No such file or directory
gcc: error: unrecognized command line option '-framework'
configure:25746: $? = 1
configure: failed program was:
| /* confdefs.h.  */
| 
| #define PACKAGE_NAME "normalize"
| #define PACKAGE_TARNAME "normalize"
| #define PACKAGE_VERSION "0.7.7"
| #define PACKAGE_STRING "normalize 0.7.7"
| #define PACKAGE_BUGREPORT ""
| #define PACKAGE "normalize"
| #define VERSION "0.7.7"
| #define STDC_HEADERS 1
| #define HAVE_SYS_TYPES_H 1
| #define HAVE_SYS_STAT_H 1
| #define HAVE_STDLIB_H 1
| #define HAVE_STRING_H 1
| #define HAVE_MEMORY_H 1
| #define HAVE_STRINGS_H 1
| #define HAVE_INTTYPES_H 1
| #define HAVE_STDINT_H 1
| #define HAVE_UNISTD_H 1
| #define HAVE_STRING_H 1
| #define HAVE_MATH_H 1
| #define HAVE_CTYPE_H 1
| #define HAVE_FCNTL_H 1
| #define HAVE_UNISTD_H 1
| #define HAVE_BYTESWAP_H 1
| #define HAVE_SYS_TYPES_H 1
| #define HAVE_SYS_STAT_H 1
| #define HAVE_SYS_MMAN_H 1
| #define HAVE_LOCALE_H 1
| #define HAVE_STDINT_H 1
| #define HAVE_INTTYPES_H 1
| #define HAVE_ERRNO_H 1
| #define HAVE_LIBM 1
| #define HAVE_STRERROR 1
| #define HAVE_STRTOD 1
| #define HAVE_STRCHR 1
| #define HAVE_MEMCPY 1
| #define HAVE_FTRUNCATE 1
| #define SIZEOF_CHAR 1
| #define SIZEOF_SHORT 2
| #define SIZEOF_INT 4
| #define SIZEOF_LONG 8
| #define __TYPE8__ char
| #define __TYPE16__ short
| #define __TYPE32__ int
| #define HAVE_INT8_T 1
| #define HAVE_INT16_T 1
| #define HAVE_INT32_T 1
| #define HAVE_UINT8_T 1
| #define HAVE_UINT16_T 1
| #define HAVE_UINT32_T 1
| #define USE_LOOKUPTABLE 1
| #define HAVE_DLFCN_H 1
| #ifdef __cplusplus
| extern "C" void std::exit (int) throw (); using std::exit;
| #endif
| #define USE_MAD 1
| /* end confdefs.h.  */
| #include <CFPreferences.h>
| int
| main ()
| {
| CFPreferencesCopyAppValue(NULL, NULL)
|   ;
|   return 0;
| }
configure:25773: result: no
configure:25782: checking for CFLocaleCopyCurrent
configure:25807: gcc -o conftest -g -O2  -I/System/Library/Frameworks/CoreFoundation.framework/Headers  conftest.c -lm  -framework CoreFoundation >&5
gcc: error: CoreFoundation: No such file or directory
gcc: error: unrecognized command line option '-framework'
configure:25813: $? = 1
configure: failed program was:
| /* confdefs.h.  */
| 
| #define PACKAGE_NAME "normalize"
| #define PACKAGE_TARNAME "normalize"
| #define PACKAGE_VERSION "0.7.7"
| #define PACKAGE_STRING "normalize 0.7.7"
| #define PACKAGE_BUGREPORT ""
| #define PACKAGE "normalize"
| #define VERSION "0.7.7"
| #define STDC_HEADERS 1
| #define HAVE_SYS_TYPES_H 1
| #define HAVE_SYS_STAT_H 1
| #define HAVE_STDLIB_H 1
| #define HAVE_STRING_H 1
| #define HAVE_MEMORY_H 1
| #define HAVE_STRINGS_H 1
| #define HAVE_INTTYPES_H 1
| #define HAVE_STDINT_H 1
| #define HAVE_UNISTD_H 1
| #define HAVE_STRING_H 1
| #define HAVE_MATH_H 1
| #define HAVE_CTYPE_H 1
| #define HAVE_FCNTL_H 1
| #define HAVE_UNISTD_H 1
| #define HAVE_BYTESWAP_H 1
| #define HAVE_SYS_TYPES_H 1
| #define HAVE_SYS_STAT_H 1
| #define HAVE_SYS_MMAN_H 1
| #define HAVE_LOCALE_H 1
| #define HAVE_STDINT_H 1
| #define HAVE_INTTYPES_H 1
| #define HAVE_ERRNO_H 1
| #define HAVE_LIBM 1
| #define HAVE_STRERROR 1
| #define HAVE_STRTOD 1
| #define HAVE_STRCHR 1
| #define HAVE_MEMCPY 1
| #define HAVE_FTRUNCATE 1
| #define SIZEOF_CHAR 1
| #define SIZEOF_SHORT 2
| #define SIZEOF_INT 4
| #define SIZEOF_LONG 8
| #define __TYPE8__ char
| #define __TYPE16__ short
| #define __TYPE32__ int
| #define HAVE_INT8_T 1
| #define HAVE_INT16_T 1
| #define HAVE_INT32_T 1
| #define HAVE_UINT8_T 1
| #define HAVE_UINT16_T 1
| #define HAVE_UINT32_T 1
| #define USE_LOOKUPTABLE 1
| #define HAVE_DLFCN_H 1
| #ifdef __cplusplus
| extern "C" void std::exit (int) throw (); using std::exit;
| #endif
| #define USE_MAD 1
| /* end confdefs.h.  */
| #include <CFLocale.h>
| int
| main ()
| {
| CFLocaleCopyCurrent();
|   ;
|   return 0;
| }
configure:25840: result: no
configure:25857: checking whether NLS is requested
configure:25866: result: yes
configure:25884: checking for GNU gettext in libc
configure:25908: gcc -o conftest -g -O2   conftest.c -lm  >&5
configure:25914: $? = 0
configure:25918: test -z 
			 || test ! -s conftest.err
configure:25921: $? = 0
configure:25924: test -s conftest
configure:25927: $? = 0
configure:25939: result: yes
configure:26646: checking whether to use NLS
configure:26648: result: yes
configure:26651: checking where the gettext function comes from
configure:26662: result: libc
configure:26858: creating ./config.status

## ---------------------- ##
## Running config.status. ##
## ---------------------- ##

This file was extended by normalize config.status 0.7.7, which was
generated by GNU Autoconf 2.59.  Invocation command line was

  CONFIG_FILES    = 
  CONFIG_HEADERS  = 
  CONFIG_LINKS    = 
  CONFIG_COMMANDS = 
  $ ./config.status 

on aspes

config.status:780: creating config/Makefile
config.status:780: creating src/normalize-mp3
config.status:780: creating Makefile
config.status:780: creating doc/Makefile
config.status:780: creating doc/fr/Makefile
config.status:780: creating po/Makefile.in
config.status:780: creating src/Makefile
config.status:780: creating nid3lib/Makefile
config.status:780: creating xmms-rva/Makefile
config.status:780: creating test/Makefile
config.status:888: creating config.h
config.status:1268: executing depfiles commands
config.status:1268: executing default-1 commands

## ---------------- ##
## Cache variables. ##
## ---------------- ##

ac_cv_build=x86_64-unknown-linux-gnu
ac_cv_build_alias=x86_64-unknown-linux-gnu
ac_cv_c_bigendian=no
ac_cv_c_compiler_gnu=yes
ac_cv_c_const=yes
ac_cv_c_inline=inline
ac_cv_cxx_compiler_gnu=yes
ac_cv_dosfile=no
ac_cv_env_CC_set=
ac_cv_env_CC_value=
ac_cv_env_CFLAGS_set=
ac_cv_env_CFLAGS_value=
ac_cv_env_CPPFLAGS_set=
ac_cv_env_CPPFLAGS_value=
ac_cv_env_CPP_set=
ac_cv_env_CPP_value=
ac_cv_env_CXXCPP_set=
ac_cv_env_CXXCPP_value=
ac_cv_env_CXXFLAGS_set=
ac_cv_env_CXXFLAGS_value=
ac_cv_env_CXX_set=
ac_cv_env_CXX_value=
ac_cv_env_F77_set=
ac_cv_env_F77_value=
ac_cv_env_FFLAGS_set=
ac_cv_env_FFLAGS_value=
ac_cv_env_LDFLAGS_set=
ac_cv_env_LDFLAGS_value=
ac_cv_env_build_alias_set=
ac_cv_env_build_alias_value=
ac_cv_env_host_alias_set=
ac_cv_env_host_alias_value=
ac_cv_env_target_alias_set=
ac_cv_env_target_alias_value=
ac_cv_exeext=
ac_cv_f77_compiler_gnu=yes
ac_cv_func_ftruncate=yes
ac_cv_func_memcpy=yes
ac_cv_func_strchr=yes
ac_cv_func_strerror=yes
ac_cv_func_strtod=yes
ac_cv_header_byteswap_h=yes
ac_cv_header_ctype_h=yes
ac_cv_header_dlfcn_h=yes
ac_cv_header_errno_h=yes
ac_cv_header_fcntl_h=yes
ac_cv_header_inttypes_h=yes
ac_cv_header_locale_h=yes
ac_cv_header_math_h=yes
ac_cv_header_memory_h=yes
ac_cv_header_stdc=yes
ac_cv_header_stdint_h=yes
ac_cv_header_stdlib_h=yes
ac_cv_header_string_h=yes
ac_cv_header_strings_h=yes
ac_cv_header_sys_mman_h=yes
ac_cv_header_sys_stat_h=yes
ac_cv_header_sys_types_h=yes
ac_cv_header_unistd_h=yes
ac_cv_host=x86_64-unknown-linux-gnu
ac_cv_host_alias=x86_64-unknown-linux-gnu
ac_cv_lib_m_sqrt=yes
ac_cv_lib_mad_mad_decoder_init=yes
ac_cv_objext=o
ac_cv_path_AUDIOFILE_CONFIG=no
ac_cv_path_GLIB_CONFIG=no
ac_cv_path_GMSGFMT=/usr/bin/msgfmt
ac_cv_path_GTK_CONFIG=no
ac_cv_path_MSGFMT=/usr/bin/msgfmt
ac_cv_path_MSGMERGE=/usr/bin/msgmerge
ac_cv_path_PERL=/usr/bin/perl
ac_cv_path_XGETTEXT=/usr/bin/xgettext
ac_cv_path_XMMS_CONFIG=no
ac_cv_path_install='/usr/bin/install -c'
ac_cv_prog_AWK=gawk
ac_cv_prog_CPP='gcc -E'
ac_cv_prog_CXXCPP='g++ -E'
ac_cv_prog_FLACDECODE=flac
ac_cv_prog_FLACENCODE=flac
ac_cv_prog_METAFLAC=metaflac
ac_cv_prog_MP3DECODE=mpg123
ac_cv_prog_MP3ENCODE=lame
ac_cv_prog_OGGDECODE=oggdec
ac_cv_prog_OGGENCODE=oggenc
ac_cv_prog_VORBISCOMMENT=vorbiscomment
ac_cv_prog_ac_ct_AR=ar
ac_cv_prog_ac_ct_CC=gcc
ac_cv_prog_ac_ct_CXX=g++
ac_cv_prog_ac_ct_F77=f77
ac_cv_prog_ac_ct_RANLIB=ranlib
ac_cv_prog_ac_ct_STRIP=strip
ac_cv_prog_cc_g=yes
ac_cv_prog_cc_stdc=
ac_cv_prog_cxx_g=yes
ac_cv_prog_egrep='grep -E'
ac_cv_prog_f77_g=yes
ac_cv_prog_make_make_set=yes
ac_cv_search_strerror='none required'
ac_cv_sizeof_char=1
ac_cv_sizeof_int=4
ac_cv_sizeof_long=8
ac_cv_sizeof_short=2
ac_cv_type_char=yes
ac_cv_type_int=yes
ac_cv_type_int16_t=yes
ac_cv_type_int32_t=yes
ac_cv_type_int8_t=yes
ac_cv_type_long=yes
ac_cv_type_off_t=yes
ac_cv_type_short=yes
ac_cv_type_size_t=yes
ac_cv_type_uint16_t=yes
ac_cv_type_uint32_t=yes
ac_cv_type_uint8_t=yes
acl_cv_hardcode_direct=no
acl_cv_hardcode_libdir_flag_spec='${wl}-rpath ${wl}$libdir'
acl_cv_hardcode_libdir_separator=
acl_cv_hardcode_minus_L=no
acl_cv_libext=a
acl_cv_path_LD='/usr/bin/ld -m elf_x86_64'
acl_cv_prog_gnu_ld=yes
acl_cv_rpath=done
acl_cv_shlibext=so
acl_cv_wl=-Wl,
am_cv_CC_dependencies_compiler_type=gcc3
am_cv_CXX_dependencies_compiler_type=gcc3
gt_cv_func_CFLocaleCopyCurrent=no
gt_cv_func_CFPreferencesCopyAppValue=no
gt_cv_func_gnugettext1_libc=yes
lt_cv_deplibs_check_method=pass_all
lt_cv_file_magic_cmd='$MAGIC_CMD'
lt_cv_file_magic_test_file=
lt_cv_ld_reload_flag=-r
lt_cv_objdir=.libs
lt_cv_path_LD=/usr/bin/ld
lt_cv_path_LDCXX='/usr/bin/ld -m elf_x86_64'
lt_cv_path_NM='/usr/bin/nm -B'
lt_cv_path_SED=/bin/sed
lt_cv_prog_compiler_c_o=yes
lt_cv_prog_compiler_c_o_CXX=yes
lt_cv_prog_compiler_c_o_F77=yes
lt_cv_prog_compiler_rtti_exceptions=no
lt_cv_prog_gnu_ld=yes
lt_cv_prog_gnu_ldcxx=yes
lt_cv_sys_global_symbol_pipe='sed -n -e '\''s/^.*[ 	]\([ABCDGIRSTW][ABCDGIRSTW]*\)[ 	][ 	]*\([_A-Za-z][_A-Za-z0-9]*\)$/\1 \2 \2/p'\'''
lt_cv_sys_global_symbol_to_c_name_address='sed -n -e '\''s/^: \([^ ]*\) $/  {\"\1\", (lt_ptr) 0},/p'\'' -e '\''s/^[BCDEGRST] \([^ ]*\) \([^ ]*\)$/  {"\2", (lt_ptr) \&\2},/p'\'''
lt_cv_sys_global_symbol_to_cdecl='sed -n -e '\''s/^. .* \(.*\)$/extern int \1;/p'\'''
lt_cv_sys_max_cmd_len=32768
lt_lt_cv_prog_compiler_c_o='"yes"'
lt_lt_cv_prog_compiler_c_o_CXX='"yes"'
lt_lt_cv_prog_compiler_c_o_F77='"yes"'
lt_lt_cv_sys_global_symbol_pipe='"sed -n -e '\''s/^.*[ 	]\\([ABCDGIRSTW][ABCDGIRSTW]*\\)[ 	][ 	]*\\([_A-Za-z][_A-Za-z0-9]*\\)\$/\\1 \\2 \\2/p'\''"'
lt_lt_cv_sys_global_symbol_to_c_name_address='"sed -n -e '\''s/^: \\([^ ]*\\) \$/  {\\\"\\1\\\", (lt_ptr) 0},/p'\'' -e '\''s/^[BCDEGRST] \\([^ ]*\\) \\([^ ]*\\)\$/  {\"\\2\", (lt_ptr) \\&\\2},/p'\''"'
lt_lt_cv_sys_global_symbol_to_cdecl='"sed -n -e '\''s/^. .* \\(.*\\)\$/extern int \\1;/p'\''"'

## ----------------- ##
## Output variables. ##
## ----------------- ##

ACLOCAL='${SHELL} /home/nutria/rafgh/gnunormalizefork/config/missing --run aclocal-1.9'
AMDEPBACKSLASH='\'
AMDEP_FALSE='#'
AMDEP_TRUE=''
AMTAR='${SHELL} /home/nutria/rafgh/gnunormalizefork/config/missing --run tar'
AR='ar'
AUDIOFILE_CFLAGS=''
AUDIOFILE_CONFIG='no'
AUDIOFILE_FALSE=''
AUDIOFILE_LIBS=''
AUDIOFILE_TRUE='#'
AUTOCONF='${SHELL} /home/nutria/rafgh/gnunormalizefork/config/missing --run autoconf'
AUTOHEADER='${SHELL} /home/nutria/rafgh/gnunormalizefork/config/missing --run autoheader'
AUTOMAKE='${SHELL} /home/nutria/rafgh/gnunormalizefork/config/missing --run automake-1.9'
AWK='gawk'
CC='gcc'
CCDEPMODE='depmode=gcc3'
CFLAGS='-g -O2'
CPP='gcc -E'
CPPFLAGS=''
CXX='g++'
CXXCPP='g++ -E'
CXXDEPMODE='depmode=gcc3'
CXXFLAGS='-g -O2'
CYGPATH_W='echo'
DEFS='-DHAVE_CONFIG_H'
DEPDIR='.deps'
ECHO='echo'
ECHO_C=''
ECHO_N='-n'
ECHO_T=''
EGREP='grep -E'
EXEEXT=''
F77='f77'
FFLAGS='-g -O2'
FLACDECODE='flac -s -d -o %w %m'
FLACENCODE='flac -s -o %m %w'
GLIB_CFLAGS=''
GLIB_CONFIG='no'
GLIB_LIBS=''
GMSGFMT='/usr/bin/msgfmt'
GTK_CFLAGS=''
GTK_CONFIG='no'
GTK_LIBS=''
INSTALL_DATA='${INSTALL} -m 644'
INSTALL_PROGRAM='${INSTALL}'
INSTALL_SCRIPT='${INSTALL}'
INSTALL_STRIP_PROGRAM='${SHELL} $(install_sh) -c -s'
INTLLIBS=''
INTL_MACOSX_LIBS=''
LDFLAGS=''
LIBICONV='-liconv'
LIBINTL=''
LIBOBJS=''
LIBS='-lm '
LIBTOOL='$(SHELL) $(top_builddir)/libtool'
LN_S='ln -s'
LTLIBICONV='-liconv'
LTLIBINTL=''
LTLIBOBJS=''
MADLIBS='-lmad'
MAD_FALSE='#'
MAD_TRUE=''
MAKEINFO='${SHELL} /home/nutria/rafgh/gnunormalizefork/config/missing --run makeinfo'
METAFLAC='metaflac'
MKINSTALLDIRS='$(top_builddir)/config/mkinstalldirs'
MP3DECODE='mpg123 -q -w %w %m'
MP3ENCODE='lame --quiet -h -b %b %w %m'
MSGFMT='/usr/bin/msgfmt'
MSGMERGE='/usr/bin/msgmerge'
NORMALIZE_BIN='normalize'
OBJEXT='o'
OGGDECODE='oggdec -Q -o %w %m'
OGGENCODE='oggenc -Q -b %b -o %m %w'
PACKAGE='normalize'
PACKAGE_BUGREPORT=''
PACKAGE_NAME='normalize'
PACKAGE_STRING='normalize 0.7.7'
PACKAGE_TARNAME='normalize'
PACKAGE_VERSION='0.7.7'
PATH_SEPARATOR=':'
PERL='/usr/bin/perl'
PLUGINS=''
POSUB='po'
RANLIB='ranlib'
SET_MAKE=''
SHELL='/bin/bash'
STRIP='strip'
USE_NLS='yes'
VERSION='0.7.7'
VORBISCOMMENT='vorbiscomment'
XGETTEXT='/usr/bin/xgettext'
XMMS_CFLAGS=''
XMMS_CONFIG='no'
XMMS_DATA_DIR=''
XMMS_EFFECT_PLUGIN_DIR=''
XMMS_GENERAL_PLUGIN_DIR=''
XMMS_INPUT_PLUGIN_DIR=''
XMMS_LIBS=''
XMMS_OUTPUT_PLUGIN_DIR=''
XMMS_PLUGIN_DIR=''
XMMS_VERSION=''
XMMS_VISUALIZATION_PLUGIN_DIR=''
ac_ct_AR='ar'
ac_ct_CC='gcc'
ac_ct_CXX='g++'
ac_ct_F77='f77'
ac_ct_RANLIB='ranlib'
ac_ct_STRIP='strip'
am__fastdepCC_FALSE='#'
am__fastdepCC_TRUE=''
am__fastdepCXX_FALSE='#'
am__fastdepCXX_TRUE=''
am__include='include'
am__leading_dot='.'
am__quote=''
am__tar='${AMTAR} chof - "$$tardir"'
am__untar='${AMTAR} xf -'
bindir='${exec_prefix}/bin'
build='x86_64-unknown-linux-gnu'
build_alias=''
build_cpu='x86_64'
build_os='linux-gnu'
build_vendor='unknown'
datadir='${prefix}/share'
exec_prefix='${prefix}'
host='x86_64-unknown-linux-gnu'
host_alias=''
host_cpu='x86_64'
host_os='linux-gnu'
host_vendor='unknown'
includedir='${prefix}/include'
infodir='${prefix}/info'
install_sh='/home/nutria/rafgh/gnunormalizefork/config/install-sh'
libdir='${exec_prefix}/lib'
libexecdir='${exec_prefix}/libexec'
localstatedir='${prefix}/var'
mandir='${prefix}/man'
mkdir_p='mkdir -p --'
oldincludedir='/usr/include'
prefix='/usr/local'
program_transform_name='s,x,x,'
sbindir='${exec_prefix}/sbin'
sharedstatedir='${prefix}/com'
sysconfdir='${prefix}/etc'
target_alias=''

## ----------- ##
## confdefs.h. ##
## ----------- ##

#define ENABLE_NLS 1
#define HAVE_BYTESWAP_H 1
#define HAVE_CTYPE_H 1
#define HAVE_DCGETTEXT 1
#define HAVE_DLFCN_H 1
#define HAVE_ERRNO_H 1
#define HAVE_FCNTL_H 1
#define HAVE_FTRUNCATE 1
#define HAVE_GETTEXT 1
#define HAVE_INT16_T 1
#define HAVE_INT32_T 1
#define HAVE_INT8_T 1
#define HAVE_INTTYPES_H 1
#define HAVE_INTTYPES_H 1
#define HAVE_LIBM 1
#define HAVE_LOCALE_H 1
#define HAVE_MATH_H 1
#define HAVE_MEMCPY 1
#define HAVE_MEMORY_H 1
#define HAVE_STDINT_H 1
#define HAVE_STDINT_H 1
#define HAVE_STDLIB_H 1
#define HAVE_STRCHR 1
#define HAVE_STRERROR 1
#define HAVE_STRINGS_H 1
#define HAVE_STRING_H 1
#define HAVE_STRING_H 1
#define HAVE_STRTOD 1
#define HAVE_SYS_MMAN_H 1
#define HAVE_SYS_STAT_H 1
#define HAVE_SYS_STAT_H 1
#define HAVE_SYS_TYPES_H 1
#define HAVE_SYS_TYPES_H 1
#define HAVE_UINT16_T 1
#define HAVE_UINT32_T 1
#define HAVE_UINT8_T 1
#define HAVE_UNISTD_H 1
#define HAVE_UNISTD_H 1
#define PACKAGE "normalize"
#define PACKAGE_BUGREPORT ""
#define PACKAGE_NAME "normalize"
#define PACKAGE_STRING "normalize 0.7.7"
#define PACKAGE_TARNAME "normalize"
#define PACKAGE_VERSION "0.7.7"
#define SIZEOF_CHAR 1
#define SIZEOF_INT 4
#define SIZEOF_LONG 8
#define SIZEOF_SHORT 2
#define STDC_HEADERS 1
#define USE_LOOKUPTABLE 1
#define USE_MAD 1
#define VERSION "0.7.7"
#define __TYPE16__ short
#define __TYPE32__ int
#define __TYPE8__ char
#endif
#ifdef __cplusplus
extern "C" void std::exit (int) throw (); using std::exit;

configure: exit 0
